<?xml version="1.0" encoding="UTF-8"?>
<testng-results ignored="0" total="1" passed="1" failed="0" skipped="0">
  <reporter-output>
  </reporter-output>
  <suite started-at="2024-02-14T15:13:43 IST" name="Default suite" finished-at="2024-02-14T15:13:45 IST" duration-ms="1863">
    <groups>
    </groups>
    <test started-at="2024-02-14T15:13:43 IST" name="Default test" finished-at="2024-02-14T15:13:45 IST" duration-ms="1863">
      <class name="com.spicejet.qa.test.HomePageTest">
        <test-method is-config="true" signature="setUp()[pri:0, instance:com.spicejet.qa.test.HomePageTest@4fb3ee4e]" started-at="2024-02-14T15:13:34 IST" name="setUp" finished-at="2024-02-14T15:13:43 IST" duration-ms="8418" status="PASS">
          <reporter-output>
          </reporter-output>
        </test-method> <!-- setUp -->
        <test-method is-config="true" signature="loginTest()[pri:0, instance:com.spicejet.qa.test.HomePageTest@4fb3ee4e]" started-at="2024-02-14T15:13:43 IST" name="loginTest" finished-at="2024-02-14T15:13:45 IST" duration-ms="1819" status="PASS">
          <reporter-output>
          </reporter-output>
        </test-method> <!-- loginTest -->
        <test-method signature="vaidateHomePageTitle()[pri:0, instance:com.spicejet.qa.test.HomePageTest@4fb3ee4e]" started-at="2024-02-14T15:13:45 IST" name="vaidateHomePageTitle" finished-at="2024-02-14T15:13:45 IST" duration-ms="14" status="PASS">
          <reporter-output>
          </reporter-output>
        </test-method> <!-- vaidateHomePageTitle -->
        <test-method is-config="true" signature="logOut()[pri:0, instance:com.spicejet.qa.test.HomePageTest@4fb3ee4e]" started-at="2024-02-14T15:13:45 IST" name="logOut" finished-at="2024-02-14T15:13:45 IST" duration-ms="0" status="PASS">
          <reporter-output>
          </reporter-output>
        </test-method> <!-- logOut -->
        <test-method is-config="true" signature="BreakDown()[pri:0, instance:com.spicejet.qa.test.HomePageTest@4fb3ee4e]" started-at="2024-02-14T15:13:45 IST" name="BreakDown" finished-at="2024-02-14T15:13:45 IST" duration-ms="250" status="PASS">
          <reporter-output>
          </reporter-output>
        </test-method> <!-- BreakDown -->
      </class> <!-- com.spicejet.qa.test.HomePageTest -->
    </test> <!-- Default test -->
  </suite> <!-- Default suite -->
</testng-results>
